TN:
SF:hooks/useAIChat.ts
FN:6,(anonymous_0)
FN:15,(anonymous_1)
FN:32,(anonymous_2)
FN:59,(anonymous_3)
FN:72,(anonymous_4)
FN:76,(anonymous_5)
FN:83,(anonymous_6)
FNF:7
FNH:4
FNDA:31,(anonymous_0)
FNDA:16,(anonymous_1)
FNDA:14,(anonymous_2)
FNDA:0,(anonymous_3)
FNDA:0,(anonymous_4)
FNDA:1,(anonymous_5)
FNDA:0,(anonymous_6)
DA:1,1
DA:3,1
DA:4,1
DA:6,1
DA:7,31
DA:8,31
DA:9,31
DA:10,31
DA:11,31
DA:12,31
DA:13,31
DA:15,31
DA:16,16
DA:17,16
DA:19,14
DA:20,14
DA:21,14
DA:22,14
DA:25,14
DA:32,14
DA:33,14
DA:36,14
DA:42,10
DA:43,1
DA:46,9
DA:47,9
DA:51,0
DA:52,0
DA:59,0
DA:60,0
DA:63,14
DA:64,14
DA:65,14
DA:67,14
DA:68,14
DA:72,31
DA:73,0
DA:76,31
DA:77,1
DA:78,1
DA:79,1
DA:80,1
DA:83,31
DA:84,0
DA:87,31
LF:45
LH:39
BRDA:17,0,0,2
BRDA:17,1,0,16
BRDA:17,1,1,14
BRDA:42,2,0,1
BRDA:43,3,0,1
BRDA:43,3,1,0
BRDA:46,4,0,9
BRDA:46,5,0,9
BRDA:46,5,1,9
BRDA:64,6,0,14
BRDA:64,6,1,0
BRF:11
BRH:9
end_of_record
TN:
SF:hooks/useCache.ts
FN:5,(anonymous_0)
FN:6,(anonymous_1)
FN:10,(anonymous_2)
FN:15,(anonymous_3)
FNF:4
FNH:4
FNDA:11,(anonymous_0)
FNDA:7,(anonymous_1)
FNDA:3,(anonymous_2)
FNDA:1,(anonymous_3)
DA:1,1
DA:2,1
DA:5,1
DA:6,11
DA:7,7
DA:10,11
DA:11,3
DA:12,3
DA:15,11
DA:16,1
DA:17,1
DA:20,11
LF:12
LH:12
BRF:0
BRH:0
end_of_record
TN:
SF:hooks/useColorScheme.ts
FN:3,useColorScheme
FNF:1
FNH:1
FNDA:5,useColorScheme
DA:1,1
DA:3,1
DA:5,5
DA:6,5
LF:4
LH:4
BRDA:7,0,0,5
BRDA:7,0,1,0
BRF:2
BRH:1
end_of_record
TN:
SF:hooks/useIconColors.ts
FN:4,(anonymous_0)
FNF:1
FNH:1
FNDA:14,(anonymous_0)
DA:1,1
DA:2,1
DA:4,1
DA:5,14
DA:7,14
LF:5
LH:5
BRDA:8,0,0,0
BRDA:8,0,1,14
BRDA:9,1,0,0
BRDA:9,1,1,14
BRDA:10,2,0,0
BRDA:10,2,1,14
BRDA:11,3,0,0
BRDA:11,3,1,14
BRDA:12,4,0,0
BRDA:12,4,1,0
BRDA:13,5,0,0
BRDA:13,5,1,0
BRDA:14,6,0,0
BRDA:14,6,1,0
BRDA:15,7,0,0
BRDA:15,7,1,0
BRF:16
BRH:4
end_of_record
TN:
SF:hooks/useImageUpload.ts
FN:18,(anonymous_9)
FN:31,(anonymous_10)
FN:43,(anonymous_11)
FN:86,(anonymous_12)
FN:107,(anonymous_13)
FN:169,(anonymous_14)
FN:206,(anonymous_15)
FN:261,(anonymous_16)
FN:285,(anonymous_17)
FN:295,(anonymous_18)
FNF:10
FNH:0
FNDA:0,(anonymous_9)
FNDA:0,(anonymous_10)
FNDA:0,(anonymous_11)
FNDA:0,(anonymous_12)
FNDA:0,(anonymous_13)
FNDA:0,(anonymous_14)
FNDA:0,(anonymous_15)
FNDA:0,(anonymous_16)
FNDA:0,(anonymous_17)
FNDA:0,(anonymous_18)
DA:1,0
DA:2,0
DA:3,0
DA:4,0
DA:5,0
DA:6,0
DA:7,0
DA:8,0
DA:9,0
DA:18,0
DA:23,0
DA:24,0
DA:25,0
DA:26,0
DA:29,0
DA:31,0
DA:32,0
DA:33,0
DA:34,0
DA:35,0
DA:37,0
DA:39,0
DA:43,0
DA:44,0
DA:45,0
DA:46,0
DA:49,0
DA:50,0
DA:53,0
DA:55,0
DA:56,0
DA:59,0
DA:60,0
DA:61,0
DA:63,0
DA:71,0
DA:72,0
DA:75,0
DA:79,0
DA:81,0
DA:82,0
DA:86,0
DA:87,0
DA:88,0
DA:90,0
DA:91,0
DA:92,0
DA:94,0
DA:98,0
DA:99,0
DA:102,0
DA:103,0
DA:107,0
DA:108,0
DA:109,0
DA:110,0
DA:112,0
DA:113,0
DA:116,0
DA:117,0
DA:121,0
DA:124,0
DA:126,0
DA:127,0
DA:129,0
DA:133,0
DA:136,0
DA:138,0
DA:139,0
DA:142,0
DA:143,0
DA:147,0
DA:150,0
DA:152,0
DA:153,0
DA:155,0
DA:159,0
DA:163,0
DA:164,0
DA:165,0
DA:169,0
DA:170,0
DA:171,0
DA:172,0
DA:176,0
DA:177,0
DA:185,0
DA:194,0
DA:195,0
DA:198,0
DA:200,0
DA:201,0
DA:202,0
DA:206,0
DA:210,0
DA:211,0
DA:214,0
DA:217,0
DA:219,0
DA:220,0
DA:221,0
DA:224,0
DA:228,0
DA:229,0
DA:230,0
DA:232,0
DA:237,0
DA:239,0
DA:241,0
DA:244,0
DA:245,0
DA:246,0
DA:249,0
DA:251,0
DA:252,0
DA:253,0
DA:254,0
DA:255,0
DA:257,0
DA:261,0
DA:262,0
DA:263,0
DA:266,0
DA:267,0
DA:268,0
DA:269,0
DA:273,0
DA:274,0
DA:275,0
DA:277,0
DA:278,0
DA:279,0
DA:281,0
DA:285,0
DA:289,0
DA:290,0
DA:292,0
DA:295,0
DA:296,0
DA:297,0
DA:302,0
LF:141
LH:0
BRDA:18,0,0,0
BRDA:19,1,0,0
BRDA:31,2,0,0
BRDA:33,3,0,0
BRDA:34,4,0,0
BRDA:34,4,1,0
BRDA:45,5,0,0
BRDA:49,6,0,0
BRDA:49,7,0,0
BRDA:49,7,1,0
BRDA:55,8,0,0
BRDA:71,9,0,0
BRDA:88,10,0,0
BRDA:98,11,0,0
BRDA:109,12,0,0
BRDA:109,12,1,0
BRDA:112,13,0,0
BRDA:116,14,0,0
BRDA:116,15,0,0
BRDA:116,15,1,0
BRDA:126,16,0,0
BRDA:126,16,1,0
BRDA:138,17,0,0
BRDA:142,18,0,0
BRDA:142,19,0,0
BRDA:142,19,1,0
BRDA:152,20,0,0
BRDA:152,20,1,0
BRDA:171,21,0,0
BRDA:171,21,1,0
BRDA:172,22,0,0
BRDA:176,23,0,0
BRDA:176,23,1,0
BRDA:194,24,0,0
BRDA:194,25,0,0
BRDA:194,25,1,0
BRDA:210,26,0,0
BRDA:220,27,0,0
BRDA:224,28,0,0
BRDA:224,28,1,0
BRDA:224,28,2,0
BRDA:228,29,0,0
BRDA:239,30,0,0
BRDA:252,31,0,0
BRDA:252,31,1,0
BRDA:262,32,0,0
BRDA:268,33,0,0
BRDA:268,34,0,0
BRDA:268,34,1,0
BRDA:290,35,0,0
BRDA:296,36,0,0
BRF:51
BRH:0
end_of_record
TN:
SF:hooks/useNetworkStatus.ts
FN:11,(anonymous_1)
FN:19,(anonymous_2)
FN:21,(anonymous_3)
FN:36,(anonymous_4)
FN:54,(anonymous_5)
FN:60,(anonymous_6)
FNF:6
FNH:6
FNDA:21,(anonymous_1)
FNDA:11,(anonymous_2)
FNDA:11,(anonymous_3)
FNDA:1,(anonymous_4)
FNDA:11,(anonymous_5)
FNDA:6,(anonymous_6)
DA:1,1
DA:2,1
DA:11,1
DA:12,21
DA:19,21
DA:21,11
DA:22,11
DA:23,11
DA:25,11
DA:33,11
DA:36,11
DA:37,1
DA:39,1
DA:47,1
DA:54,11
DA:55,11
DA:60,21
DA:61,6
DA:62,6
DA:64,6
DA:71,6
DA:74,21
LF:22
LH:22
BRDA:23,0,0,11
BRDA:23,0,1,1
BRDA:37,1,0,1
BRDA:37,1,1,0
BRDA:62,2,0,6
BRDA:62,2,1,1
BRF:6
BRH:5
end_of_record
TN:
SF:hooks/useNotifications.ts
FN:14,(anonymous_10)
FN:28,registerForPushNotificationsAsync
FN:76,(anonymous_12)
FN:97,(anonymous_13)
FN:121,(anonymous_14)
FN:133,(anonymous_15)
FN:151,(anonymous_16)
FN:176,(anonymous_17)
FN:229,(anonymous_18)
FN:285,(anonymous_19)
FN:319,(anonymous_20)
FN:391,(anonymous_21)
FN:397,(anonymous_22)
FN:411,(anonymous_23)
FN:437,(anonymous_24)
FN:470,(anonymous_25)
FN:492,(anonymous_26)
FNF:17
FNH:0
FNDA:0,(anonymous_10)
FNDA:0,registerForPushNotificationsAsync
FNDA:0,(anonymous_12)
FNDA:0,(anonymous_13)
FNDA:0,(anonymous_14)
FNDA:0,(anonymous_15)
FNDA:0,(anonymous_16)
FNDA:0,(anonymous_17)
FNDA:0,(anonymous_18)
FNDA:0,(anonymous_19)
FNDA:0,(anonymous_20)
FNDA:0,(anonymous_21)
FNDA:0,(anonymous_22)
FNDA:0,(anonymous_23)
FNDA:0,(anonymous_24)
FNDA:0,(anonymous_25)
FNDA:0,(anonymous_26)
DA:1,0
DA:2,0
DA:3,0
DA:4,0
DA:5,0
DA:6,0
DA:7,0
DA:9,0
DA:10,0
DA:13,0
DA:14,0
DA:29,0
DA:31,0
DA:32,0
DA:40,0
DA:41,0
DA:43,0
DA:44,0
DA:45,0
DA:48,0
DA:59,0
DA:62,0
DA:63,0
DA:67,0
DA:68,0
DA:69,0
DA:70,0
DA:73,0
DA:76,0
DA:77,0
DA:78,0
DA:83,0
DA:84,0
DA:85,0
DA:91,0
DA:92,0
DA:93,0
DA:94,0
DA:97,0
DA:98,0
DA:99,0
DA:100,0
DA:103,0
DA:104,0
DA:105,0
DA:110,0
DA:111,0
DA:113,0
DA:116,0
DA:121,0
DA:122,0
DA:123,0
DA:128,0
DA:129,0
DA:133,0
DA:134,0
DA:135,0
DA:136,0
DA:137,0
DA:138,0
DA:139,0
DA:141,0
DA:143,0
DA:144,0
DA:146,0
DA:151,0
DA:152,0
DA:153,0
DA:154,0
DA:157,0
DA:158,0
DA:159,0
DA:166,0
DA:168,0
DA:169,0
DA:171,0
DA:176,0
DA:177,0
DA:178,0
DA:179,0
DA:182,0
DA:183,0
DA:184,0
DA:187,0
DA:188,0
DA:189,0
DA:192,0
DA:193,0
DA:194,0
DA:195,0
DA:196,0
DA:198,0
DA:205,0
DA:207,0
DA:208,0
DA:214,0
DA:215,0
DA:218,0
DA:219,0
DA:221,0
DA:222,0
DA:224,0
DA:229,0
DA:230,0
DA:231,0
DA:232,0
DA:235,0
DA:236,0
DA:237,0
DA:238,0
DA:241,0
DA:246,0
DA:254,0
DA:256,0
DA:257,0
DA:263,0
DA:264,0
DA:267,0
DA:268,0
DA:270,0
DA:271,0
DA:273,0
DA:278,0
DA:285,0
DA:286,0
DA:288,0
DA:289,0
DA:295,0
DA:296,0
DA:297,0
DA:300,0
DA:307,0
DA:308,0
DA:309,0
DA:312,0
DA:314,0
DA:319,0
DA:320,0
DA:321,0
DA:324,0
DA:325,0
DA:327,0
DA:329,0
DA:330,0
DA:331,0
DA:332,0
DA:333,0
DA:336,0
DA:337,0
DA:341,0
DA:342,0
DA:347,0
DA:348,0
DA:351,0
DA:352,0
DA:354,0
DA:355,0
DA:357,0
DA:358,0
DA:361,0
DA:362,0
DA:364,0
DA:365,0
DA:368,0
DA:373,0
DA:374,0
DA:376,0
DA:377,0
DA:380,0
DA:383,0
DA:384,0
DA:386,0
DA:391,0
DA:392,0
DA:393,0
DA:397,0
DA:398,0
DA:399,0
DA:400,0
DA:402,0
DA:405,0
DA:406,0
DA:411,0
DA:412,0
DA:413,0
DA:416,0
DA:417,0
DA:433,0
DA:437,0
DA:438,0
DA:439,0
DA:440,0
DA:443,0
DA:444,0
DA:445,0
DA:451,0
DA:452,0
DA:454,0
DA:461,0
DA:466,0
DA:467,0
DA:470,0
DA:471,0
DA:472,0
DA:479,0
DA:480,0
DA:487,0
DA:488,0
DA:492,0
DA:493,0
DA:495,0
DA:498,0
DA:501,0
DA:504,0
DA:507,0
LF:215
LH:0
BRDA:31,0,0,0
BRDA:43,1,0,0
BRDA:44,2,0,0
BRDA:62,3,0,0
BRDA:67,4,0,0
BRDA:68,5,0,0
BRDA:68,5,1,0
BRDA:98,6,0,0
BRDA:98,7,0,0
BRDA:98,7,1,0
BRDA:110,8,0,0
BRDA:110,8,1,0
BRDA:125,9,0,0
BRDA:125,9,1,0
BRDA:137,10,0,0
BRDA:152,11,0,0
BRDA:177,12,0,0
BRDA:182,13,0,0
BRDA:187,14,0,0
BRDA:195,15,0,0
BRDA:195,15,1,0
BRDA:196,16,0,0
BRDA:196,16,1,0
BRDA:207,17,0,0
BRDA:214,18,0,0
BRDA:214,18,1,0
BRDA:222,19,0,0
BRDA:222,19,1,0
BRDA:230,20,0,0
BRDA:256,21,0,0
BRDA:263,22,0,0
BRDA:263,22,1,0
BRDA:271,23,0,0
BRDA:271,23,1,0
BRDA:286,24,0,0
BRDA:295,25,0,0
BRDA:301,26,0,0
BRDA:301,26,1,0
BRDA:302,27,0,0
BRDA:302,27,1,0
BRDA:303,28,0,0
BRDA:303,28,1,0
BRDA:307,29,0,0
BRDA:324,30,0,0
BRDA:324,31,0,0
BRDA:324,31,1,0
BRDA:330,32,0,0
BRDA:351,33,0,0
BRDA:354,34,0,0
BRDA:357,35,0,0
BRDA:357,36,0,0
BRDA:357,36,1,0
BRDA:361,37,0,0
BRDA:364,38,0,0
BRDA:373,39,0,0
BRDA:393,40,0,0
BRDA:393,40,1,0
BRDA:399,41,0,0
BRDA:399,41,1,0
BRDA:416,42,0,0
BRDA:416,43,0,0
BRDA:416,43,1,0
BRDA:438,44,0,0
BRDA:451,45,0,0
BRDA:451,45,1,0
BRDA:456,46,0,0
BRDA:456,46,1,0
BRDA:471,47,0,0
BRDA:471,48,0,0
BRDA:471,48,1,0
BRDA:479,49,0,0
BRDA:479,50,0,0
BRDA:479,50,1,0
BRDA:483,51,0,0
BRDA:483,51,1,0
BRDA:493,52,0,0
BRF:76
BRH:0
end_of_record
TN:
SF:hooks/useOnboarding.ts
FN:4,(anonymous_0)
FN:17,(anonymous_1)
FN:21,(anonymous_2)
FN:29,(anonymous_3)
FNF:4
FNH:0
FNDA:0,(anonymous_0)
FNDA:0,(anonymous_1)
FNDA:0,(anonymous_2)
FNDA:0,(anonymous_3)
DA:1,0
DA:2,0
DA:4,0
DA:5,0
DA:15,0
DA:17,0
DA:18,0
DA:21,0
DA:22,0
DA:23,0
DA:26,0
DA:29,0
DA:30,0
DA:31,0
DA:35,0
LF:15
LH:0
BRDA:18,0,0,0
BRDA:18,0,1,0
BRDA:22,1,0,0
BRDA:30,2,0,0
BRF:4
BRH:0
end_of_record
TN:
SF:hooks/usePremiumStatus.ts
FN:11,(anonymous_1)
FN:18,(anonymous_2)
FN:60,(anonymous_3)
FN:92,(anonymous_4)
FN:97,(anonymous_5)
FN:101,(anonymous_6)
FNF:6
FNH:0
FNDA:0,(anonymous_1)
FNDA:0,(anonymous_2)
FNDA:0,(anonymous_3)
FNDA:0,(anonymous_4)
FNDA:0,(anonymous_5)
FNDA:0,(anonymous_6)
DA:1,0
DA:2,0
DA:3,0
DA:11,0
DA:12,0
DA:13,0
DA:14,0
DA:15,0
DA:18,0
DA:19,0
DA:20,0
DA:21,0
DA:23,0
DA:24,0
DA:27,0
DA:36,0
DA:45,0
DA:52,0
DA:54,0
DA:55,0
DA:60,0
DA:61,0
DA:62,0
DA:63,0
DA:65,0
DA:66,0
DA:68,0
DA:71,0
DA:72,0
DA:75,0
DA:77,0
DA:83,0
DA:84,0
DA:85,0
DA:87,0
DA:92,0
DA:93,0
DA:97,0
DA:98,0
DA:101,0
DA:102,0
DA:103,0
DA:105,0
DA:106,0
DA:107,0
DA:110,0
DA:116,0
LF:47
LH:0
BRDA:21,0,0,0
BRDA:55,1,0,0
BRDA:55,1,1,0
BRDA:84,2,0,0
BRDA:84,2,1,0
BRF:5
BRH:0
end_of_record
TN:
SF:hooks/useProfile.ts
FN:5,(anonymous_0)
FN:19,(anonymous_1)
FN:24,(anonymous_2)
FN:29,(anonymous_3)
FN:34,(anonymous_4)
FN:39,(anonymous_5)
FN:44,(anonymous_6)
FN:50,(anonymous_7)
FN:55,(anonymous_8)
FNF:9
FNH:4
FNDA:44,(anonymous_0)
FNDA:0,(anonymous_1)
FNDA:0,(anonymous_2)
FNDA:0,(anonymous_3)
FNDA:0,(anonymous_4)
FNDA:0,(anonymous_5)
FNDA:44,(anonymous_6)
FNDA:44,(anonymous_7)
FNDA:44,(anonymous_8)
DA:1,1
DA:2,1
DA:5,1
DA:16,44
DA:19,44
DA:20,0
DA:24,44
DA:25,0
DA:29,44
DA:30,0
DA:34,44
DA:35,0
DA:39,44
DA:40,0
DA:44,44
DA:45,44
DA:50,44
DA:51,44
DA:55,44
DA:56,44
DA:59,44
LF:21
LH:16
BRDA:45,0,0,44
BRDA:45,0,1,0
BRDA:45,0,2,0
BRDA:45,0,3,0
BRF:4
BRH:1
end_of_record
TN:
SF:hooks/useSounds.ts
FN:18,(anonymous_9)
FN:22,(anonymous_10)
FN:33,(anonymous_11)
FN:44,(anonymous_12)
FNF:4
FNH:4
FNDA:10,(anonymous_9)
FNDA:3,(anonymous_10)
FNDA:3,(anonymous_11)
FNDA:3,(anonymous_12)
DA:1,1
DA:2,1
DA:18,1
DA:22,10
DA:23,3
DA:24,3
DA:26,1
DA:33,10
DA:34,3
DA:35,3
DA:37,1
DA:44,10
DA:45,3
DA:46,3
DA:48,1
DA:52,10
LF:16
LH:16
BRF:0
BRH:0
end_of_record
TN:
SF:hooks/useTasks.ts
FN:19,(anonymous_0)
FN:32,useTasks
FN:58,(anonymous_2)
FN:79,(anonymous_3)
FN:85,(anonymous_4)
FN:93,(anonymous_5)
FN:104,(anonymous_6)
FN:106,(anonymous_7)
FN:114,(anonymous_8)
FN:115,(anonymous_9)
FN:124,(anonymous_10)
FN:130,(anonymous_11)
FN:141,(anonymous_12)
FN:149,(anonymous_13)
FN:150,(anonymous_14)
FN:159,(anonymous_15)
FN:165,(anonymous_16)
FN:176,(anonymous_17)
FN:184,(anonymous_18)
FN:185,(anonymous_19)
FN:190,(anonymous_20)
FN:196,(anonymous_21)
FN:205,(anonymous_22)
FN:210,(anonymous_23)
FN:215,(anonymous_24)
FN:220,(anonymous_25)
FN:246,(anonymous_26)
FNF:27
FNH:1
FNDA:0,(anonymous_0)
FNDA:44,useTasks
FNDA:0,(anonymous_2)
FNDA:0,(anonymous_3)
FNDA:0,(anonymous_4)
FNDA:0,(anonymous_5)
FNDA:0,(anonymous_6)
FNDA:0,(anonymous_7)
FNDA:0,(anonymous_8)
FNDA:0,(anonymous_9)
FNDA:0,(anonymous_10)
FNDA:0,(anonymous_11)
FNDA:0,(anonymous_12)
FNDA:0,(anonymous_13)
FNDA:0,(anonymous_14)
FNDA:0,(anonymous_15)
FNDA:0,(anonymous_16)
FNDA:0,(anonymous_17)
FNDA:0,(anonymous_18)
FNDA:0,(anonymous_19)
FNDA:0,(anonymous_20)
FNDA:0,(anonymous_21)
FNDA:0,(anonymous_22)
FNDA:0,(anonymous_23)
FNDA:0,(anonymous_24)
FNDA:0,(anonymous_25)
FNDA:0,(anonymous_26)
DA:1,1
DA:2,1
DA:4,1
DA:17,1
DA:19,0
DA:32,1
DA:33,44
DA:34,44
DA:44,44
DA:56,44
DA:59,0
DA:62,0
DA:65,0
DA:68,0
DA:79,0
DA:80,0
DA:83,0
DA:86,0
DA:89,0
DA:90,0
DA:95,0
DA:96,0
DA:103,44
DA:105,0
DA:107,0
DA:109,0
DA:111,0
DA:114,0
DA:115,0
DA:116,0
DA:122,0
DA:125,0
DA:126,0
DA:127,0
DA:131,0
DA:132,0
DA:139,44
DA:142,0
DA:144,0
DA:146,0
DA:149,0
DA:150,0
DA:151,0
DA:157,0
DA:160,0
DA:161,0
DA:162,0
DA:166,0
DA:167,0
DA:174,44
DA:177,0
DA:179,0
DA:181,0
DA:184,0
DA:185,0
DA:188,0
DA:191,0
DA:192,0
DA:193,0
DA:197,0
DA:198,0
DA:205,44
DA:206,0
DA:207,0
DA:210,44
DA:211,0
DA:212,0
DA:215,44
DA:216,0
DA:217,0
DA:220,44
DA:221,0
DA:222,0
DA:225,44
DA:246,0
LF:75
LH:17
BRDA:80,0,0,0
BRDA:80,0,1,0
BRDA:89,1,0,0
BRDA:115,2,0,0
BRDA:115,2,1,0
BRDA:116,3,0,0
BRDA:116,3,1,0
BRDA:126,4,0,0
BRDA:150,5,0,0
BRDA:150,5,1,0
BRDA:151,6,0,0
BRDA:151,6,1,0
BRDA:161,7,0,0
BRDA:185,8,0,0
BRDA:185,8,1,0
BRDA:192,9,0,0
BRDA:227,10,0,44
BRDA:227,10,1,0
BRF:18
BRH:1
end_of_record
TN:
SF:hooks/useTheme.tsx
FN:7,(anonymous_0)
FN:12,(anonymous_1)
FN:21,(anonymous_2)
FN:26,(anonymous_3)
FNF:4
FNH:4
FNDA:17,(anonymous_0)
FNDA:9,(anonymous_1)
FNDA:7,(anonymous_2)
FNDA:2,(anonymous_3)
DA:1,1
DA:2,1
DA:3,1
DA:7,1
DA:8,17
DA:9,17
DA:12,17
DA:13,9
DA:14,9
DA:18,17
DA:21,17
DA:22,7
DA:23,7
DA:26,17
DA:27,2
DA:28,2
DA:31,17
LF:17
LH:17
BRDA:18,0,0,9
BRDA:18,0,1,8
BRDA:18,1,0,9
BRDA:18,1,1,0
BRDA:27,2,0,1
BRDA:27,2,1,1
BRF:6
BRH:5
end_of_record
TN:
SF:hooks/useTranslation.ts
FN:6,(anonymous_0)
FN:11,(anonymous_1)
FN:20,(anonymous_2)
FNF:3
FNH:3
FNDA:53,(anonymous_0)
FNDA:9,(anonymous_1)
FNDA:4,(anonymous_2)
DA:1,2
DA:2,2
DA:3,2
DA:4,2
DA:6,2
DA:7,53
DA:8,53
DA:11,53
DA:12,9
DA:13,1
DA:14,1
DA:16,1
DA:20,53
DA:21,4
DA:23,4
DA:26,3
DA:27,3
DA:30,3
DA:31,2
DA:34,2
DA:38,53
DA:40,53
LF:22
LH:22
BRDA:12,0,0,1
BRDA:12,1,0,9
BRDA:12,1,1,4
BRDA:30,2,0,2
BRF:4
BRH:4
end_of_record
